<?xml version="1.0" encoding="UTF-8"?>
<!-- Generated by org.testng.reporters.JUnitXMLReporter -->
<testsuite hostname="Gregorys-MacBook-Pro.local" name="Default test" tests="10" failures="0" timestamp="9 Sep 2016 18:17:35 GMT" time="19.472" errors="0">
  <testcase name="testLogin" time="8.159" classname="testCases.HybridExecuteTest"/>
  <testcase name="testLogin" time="2.099" classname="testCases.HybridExecuteTest"/>
  <testcase name="testLogin" time="0.349" classname="testCases.HybridExecuteTest"/>
  <testcase name="testLogin" time="0.074" classname="testCases.HybridExecuteTest"/>
  <testcase name="testLogin" time="0.105" classname="testCases.HybridExecuteTest"/>
  <testcase name="testLogin" time="3.308" classname="testCases.HybridExecuteTest"/>
  <testcase name="testLogin" time="1.377" classname="testCases.HybridExecuteTest"/>
  <testcase name="testLogin" time="0.139" classname="testCases.HybridExecuteTest"/>
  <testcase name="testLogin" time="0.089" classname="testCases.HybridExecuteTest"/>
  <testcase name="testLogin" time="1.259" classname="testCases.HybridExecuteTest"/>
</testsuite> <!-- Default test -->
